[0m[1mgoogle_project.grace2: Refreshing state... [id=projects/grace-2-hazard-prod][0m
[0m[1mgoogle_project_service.enabled["aiplatform.googleapis.com"]: Refreshing state... [id=grace-2-hazard-prod/aiplatform.googleapis.com][0m
[0m[1mgoogle_project_service.enabled["cloudbuild.googleapis.com"]: Refreshing state... [id=grace-2-hazard-prod/cloudbuild.googleapis.com][0m
[0m[1mgoogle_project_service.enabled["run.googleapis.com"]: Refreshing state... [id=grace-2-hazard-prod/run.googleapis.com][0m
[0m[1mgoogle_project_service.enabled["pubsub.googleapis.com"]: Refreshing state... [id=grace-2-hazard-prod/pubsub.googleapis.com][0m
[0m[1mgoogle_project_service.enabled["monitoring.googleapis.com"]: Refreshing state... [id=grace-2-hazard-prod/monitoring.googleapis.com][0m
[0m[1mgoogle_project_service.enabled["serviceusage.googleapis.com"]: Refreshing state... [id=grace-2-hazard-prod/serviceusage.googleapis.com][0m
[0m[1mgoogle_project_service.enabled["logging.googleapis.com"]: Refreshing state... [id=grace-2-hazard-prod/logging.googleapis.com][0m
[0m[1mgoogle_project_service.enabled["iamcredentials.googleapis.com"]: Refreshing state... [id=grace-2-hazard-prod/iamcredentials.googleapis.com][0m
[0m[1mgoogle_project_service.enabled["cloudresourcemanager.googleapis.com"]: Refreshing state... [id=grace-2-hazard-prod/cloudresourcemanager.googleapis.com][0m
[0m[1mgoogle_project_service.enabled["storage.googleapis.com"]: Refreshing state... [id=grace-2-hazard-prod/storage.googleapis.com][0m
[0m[1mgoogle_project_service.enabled["workflows.googleapis.com"]: Refreshing state... [id=grace-2-hazard-prod/workflows.googleapis.com][0m
[0m[1mgoogle_project_service.enabled["iam.googleapis.com"]: Refreshing state... [id=grace-2-hazard-prod/iam.googleapis.com][0m
[0m[1mgoogle_project_service.enabled["secretmanager.googleapis.com"]: Refreshing state... [id=grace-2-hazard-prod/secretmanager.googleapis.com][0m
[0m[1mgoogle_project_service.enabled["artifactregistry.googleapis.com"]: Refreshing state... [id=grace-2-hazard-prod/artifactregistry.googleapis.com][0m
[0m[1mgoogle_service_account.pyqgis_worker: Refreshing state... [id=projects/grace-2-hazard-prod/serviceAccounts/pyqgis-worker-runtime@grace-2-hazard-prod.iam.gserviceaccount.com][0m
[0m[1mgoogle_pubsub_topic.worker_events: Refreshing state... [id=projects/grace-2-hazard-prod/topics/grace-2-worker-events][0m
[0m[1mgoogle_artifact_registry_repository.containers: Refreshing state... [id=projects/grace-2-hazard-prod/locations/us-central1/repositories/grace-2-containers][0m
[0m[1mgoogle_storage_bucket.qgs: Refreshing state... [id=grace-2-hazard-prod-qgs][0m
[0m[1mgoogle_storage_bucket_iam_member.pyqgis_worker_qgs_admin: Refreshing state... [id=b/grace-2-hazard-prod-qgs/roles/storage.objectAdmin/serviceAccount:pyqgis-worker-runtime@grace-2-hazard-prod.iam.gserviceaccount.com][0m
[0m[1mgoogle_pubsub_topic_iam_member.pyqgis_worker_publisher: Refreshing state... [id=projects/grace-2-hazard-prod/topics/grace-2-worker-events/roles/pubsub.publisher/serviceAccount:pyqgis-worker-runtime@grace-2-hazard-prod.iam.gserviceaccount.com][0m
[0m[1mgoogle_cloud_run_v2_job.pyqgis_worker: Refreshing state... [id=projects/grace-2-hazard-prod/locations/us-central1/jobs/grace-2-pyqgis-worker][0m

OpenTofu used the selected providers to generate the following execution
plan. Resource actions are indicated with the following symbols:
  [33m~[0m update in-place (current -> planned)[0m

OpenTofu will perform the following actions:

[1m  # google_cloud_run_v2_job.pyqgis_worker[0m will be updated in-place
[0m  [33m~[0m[0m resource "google_cloud_run_v2_job" "pyqgis_worker" {
        id                       = "projects/grace-2-hazard-prod/locations/us-central1/jobs/grace-2-pyqgis-worker"
        name                     = "grace-2-pyqgis-worker"
        [90m# (22 unchanged attributes hidden)[0m[0m

      [33m~[0m[0m template {
            [90m# (4 unchanged attributes hidden)[0m[0m

          [33m~[0m[0m template {
                [90m# (5 unchanged attributes hidden)[0m[0m

              [33m~[0m[0m containers {
                  [33m~[0m[0m image      = "us-central1-docker.pkg.dev/grace-2-hazard-prod/grace-2-containers/grace-2-pyqgis-worker@sha256:fffd7e0f41aa255c80ff288e19cf950e5953e05cc79cc67524dbc9c7edbcacd9" [33m->[0m[0m "us-central1-docker.pkg.dev/grace-2-hazard-prod/grace-2-containers/grace-2-pyqgis-worker@sha256:94dad2bc8964c426d962bcad05b01f917e0e05408fa87e3557e47a2844a19119"
                    [90m# (3 unchanged attributes hidden)[0m[0m

                    [90m# (10 unchanged blocks hidden)[0m[0m
                }

                [90m# (1 unchanged block hidden)[0m[0m
            }
        }
    }

[1mPlan:[0m 0 to add, 1 to change, 0 to destroy.
[0m[33m╷[0m[0m
[33m│[0m [0m[1m[33mWarning: [0m[0m[1mResource targeting is in effect[0m
[33m│[0m [0m
[33m│[0m [0m[0mYou are creating a plan with either the -target option or the -exclude
[33m│[0m [0moption, which means that the result of this plan may not represent all of
[33m│[0m [0mthe changes requested by the current configuration.
[33m│[0m [0m
[33m│[0m [0mThe -target and -exclude options are not for routine use, and are provided
[33m│[0m [0monly for exceptional situations such as recovering from errors or mistakes,
[33m│[0m [0mor when OpenTofu specifically suggests to use it as part of an error
[33m│[0m [0mmessage.
[33m╵[0m[0m
[90m
─────────────────────────────────────────────────────────────────────────────[0m

Note: You didn't use the -out option to save this plan, so OpenTofu can't
guarantee to take exactly these actions if you run "tofu apply" now.
