mongodbatlas_flex_cluster.dev: Refreshing state... [id=6a234a45e40bf4c4a1177833]
mongodbatlas_project_ip_access_list.dev_ip: Refreshing state... [id=ZW50cnk=:NjcuMTYwLjk4LjUxLzMy-cHJvamVjdF9pZA==:NmEyMzQ3MDBhMGUxMjk1OTU4ZDEwY2Y5]
random_password.worker_pw: Refreshing state... [id=none]
mongodbatlas_database_user.worker: Refreshing state... [id=YXV0aF9kYXRhYmFzZV9uYW1l:YWRtaW4=-cHJvamVjdF9pZA==:NmEyMzQ3MDBhMGUxMjk1OTU4ZDEwY2Y5-dXNlcm5hbWU=:Z3JhY2UyLXdvcmtlcg==]
google_project.grace2: Refreshing state... [id=projects/grace-2-hazard-prod]
google_project_service.enabled["logging.googleapis.com"]: Refreshing state... [id=grace-2-hazard-prod/logging.googleapis.com]
google_project_service.enabled["pubsub.googleapis.com"]: Refreshing state... [id=grace-2-hazard-prod/pubsub.googleapis.com]
google_project_service.enabled["storage.googleapis.com"]: Refreshing state... [id=grace-2-hazard-prod/storage.googleapis.com]
google_project_service.enabled["iamcredentials.googleapis.com"]: Refreshing state... [id=grace-2-hazard-prod/iamcredentials.googleapis.com]
google_project_service.enabled["iam.googleapis.com"]: Refreshing state... [id=grace-2-hazard-prod/iam.googleapis.com]
google_project_service.enabled["cloudresourcemanager.googleapis.com"]: Refreshing state... [id=grace-2-hazard-prod/cloudresourcemanager.googleapis.com]
google_project_service.enabled["aiplatform.googleapis.com"]: Refreshing state... [id=grace-2-hazard-prod/aiplatform.googleapis.com]
google_project_service.enabled["cloudbuild.googleapis.com"]: Refreshing state... [id=grace-2-hazard-prod/cloudbuild.googleapis.com]
google_project_service.enabled["artifactregistry.googleapis.com"]: Refreshing state... [id=grace-2-hazard-prod/artifactregistry.googleapis.com]
google_project_service.enabled["serviceusage.googleapis.com"]: Refreshing state... [id=grace-2-hazard-prod/serviceusage.googleapis.com]
google_project_service.enabled["workflows.googleapis.com"]: Refreshing state... [id=grace-2-hazard-prod/workflows.googleapis.com]
google_project_service.enabled["secretmanager.googleapis.com"]: Refreshing state... [id=grace-2-hazard-prod/secretmanager.googleapis.com]
google_project_service.enabled["monitoring.googleapis.com"]: Refreshing state... [id=grace-2-hazard-prod/monitoring.googleapis.com]
google_project_service.enabled["run.googleapis.com"]: Refreshing state... [id=grace-2-hazard-prod/run.googleapis.com]
google_service_account.pyqgis_worker: Refreshing state... [id=projects/grace-2-hazard-prod/serviceAccounts/pyqgis-worker-runtime@grace-2-hazard-prod.iam.gserviceaccount.com]
google_service_account.agent_runtime: Refreshing state... [id=projects/grace-2-hazard-prod/serviceAccounts/agent-runtime@grace-2-hazard-prod.iam.gserviceaccount.com]
google_artifact_registry_repository.containers: Refreshing state... [id=projects/grace-2-hazard-prod/locations/us-central1/repositories/grace-2-containers]
google_storage_bucket.cog: Refreshing state... [id=grace-2-hazard-prod-cog]
google_secret_manager_secret.mongodb_srv: Refreshing state... [id=projects/grace-2-hazard-prod/secrets/mongodb-srv-dev]
google_service_account.qgis_server: Refreshing state... [id=projects/grace-2-hazard-prod/serviceAccounts/grace-2-qgis-server@grace-2-hazard-prod.iam.gserviceaccount.com]
google_storage_bucket.artifacts: Refreshing state... [id=grace-2-hazard-prod-artifacts]
google_storage_bucket.qgs: Refreshing state... [id=grace-2-hazard-prod-qgs]
google_storage_bucket.fgb: Refreshing state... [id=grace-2-hazard-prod-fgb]
google_storage_bucket.cache: Refreshing state... [id=grace-2-hazard-prod-cache]
google_service_account.sfincs_runtime: Refreshing state... [id=projects/grace-2-hazard-prod/serviceAccounts/sfincs-runtime@grace-2-hazard-prod.iam.gserviceaccount.com]
google_service_account.workflow_invoker_sfincs: Refreshing state... [id=projects/grace-2-hazard-prod/serviceAccounts/workflow-invoker-sfincs@grace-2-hazard-prod.iam.gserviceaccount.com]
google_pubsub_topic.worker_events: Refreshing state... [id=projects/grace-2-hazard-prod/topics/grace-2-worker-events]
google_storage_bucket.runs: Refreshing state... [id=grace-2-hazard-prod-runs]
google_storage_bucket_iam_member.pyqgis_worker_qgs_admin: Refreshing state... [id=b/grace-2-hazard-prod-qgs/roles/storage.objectAdmin/serviceAccount:pyqgis-worker-runtime@grace-2-hazard-prod.iam.gserviceaccount.com]
google_storage_bucket_iam_member.pyqgis_worker_cache_admin: Refreshing state... [id=b/grace-2-hazard-prod-cache/roles/storage.objectAdmin/serviceAccount:pyqgis-worker-runtime@grace-2-hazard-prod.iam.gserviceaccount.com]
google_storage_bucket_iam_member.pyqgis_worker_runs_viewer: Refreshing state... [id=b/grace-2-hazard-prod-runs/roles/storage.objectViewer/serviceAccount:pyqgis-worker-runtime@grace-2-hazard-prod.iam.gserviceaccount.com]
google_project_iam_member.workflow_invoker_log_writer: Refreshing state... [id=grace-2-hazard-prod/roles/logging.logWriter/serviceAccount:workflow-invoker-sfincs@grace-2-hazard-prod.iam.gserviceaccount.com]
google_storage_bucket_iam_member.workflow_invoker_runs_viewer: Refreshing state... [id=b/grace-2-hazard-prod-runs/roles/storage.objectViewer/serviceAccount:workflow-invoker-sfincs@grace-2-hazard-prod.iam.gserviceaccount.com]
google_project_iam_member.workflow_invoker_run_viewer: Refreshing state... [id=grace-2-hazard-prod/roles/run.viewer/serviceAccount:workflow-invoker-sfincs@grace-2-hazard-prod.iam.gserviceaccount.com]
google_storage_bucket_iam_member.agent_runtime_cache_admin: Refreshing state... [id=b/grace-2-hazard-prod-cache/roles/storage.objectAdmin/serviceAccount:agent-runtime@grace-2-hazard-prod.iam.gserviceaccount.com]
google_project_iam_member.agent_runtime_secret_accessor: Refreshing state... [id=grace-2-hazard-prod/roles/secretmanager.secretAccessor/serviceAccount:agent-runtime@grace-2-hazard-prod.iam.gserviceaccount.com]
google_pubsub_topic_iam_member.pyqgis_worker_publisher: Refreshing state... [id=projects/grace-2-hazard-prod/topics/grace-2-worker-events/roles/pubsub.publisher/serviceAccount:pyqgis-worker-runtime@grace-2-hazard-prod.iam.gserviceaccount.com]
google_cloud_run_v2_service.qgis_server: Refreshing state... [id=projects/grace-2-hazard-prod/locations/us-central1/services/grace-2-qgis-server]
google_storage_bucket_iam_member.qgs_server_fgb_viewer: Refreshing state... [id=b/grace-2-hazard-prod-fgb/roles/storage.objectViewer/serviceAccount:grace-2-qgis-server@grace-2-hazard-prod.iam.gserviceaccount.com]
google_storage_bucket_iam_member.qgs_server_cog_viewer: Refreshing state... [id=b/grace-2-hazard-prod-cog/roles/storage.objectViewer/serviceAccount:grace-2-qgis-server@grace-2-hazard-prod.iam.gserviceaccount.com]
google_storage_bucket_iam_member.qgs_server_qgs_viewer: Refreshing state... [id=b/grace-2-hazard-prod-qgs/roles/storage.objectViewer/serviceAccount:grace-2-qgis-server@grace-2-hazard-prod.iam.gserviceaccount.com]
google_storage_bucket_iam_member.qgis_server_runs_viewer: Refreshing state... [id=b/grace-2-hazard-prod-runs/roles/storage.objectViewer/serviceAccount:grace-2-qgis-server@grace-2-hazard-prod.iam.gserviceaccount.com]
google_storage_bucket_iam_member.sfincs_runtime_cache_viewer: Refreshing state... [id=b/grace-2-hazard-prod-cache/roles/storage.objectViewer/serviceAccount:sfincs-runtime@grace-2-hazard-prod.iam.gserviceaccount.com]
google_service_account_iam_member.workflow_invoker_actas_sfincs_runtime: Refreshing state... [id=projects/grace-2-hazard-prod/serviceAccounts/sfincs-runtime@grace-2-hazard-prod.iam.gserviceaccount.com/roles/iam.serviceAccountUser/serviceAccount:workflow-invoker-sfincs@grace-2-hazard-prod.iam.gserviceaccount.com]
google_storage_bucket_iam_member.sfincs_runtime_runs_admin: Refreshing state... [id=b/grace-2-hazard-prod-runs/roles/storage.objectAdmin/serviceAccount:sfincs-runtime@grace-2-hazard-prod.iam.gserviceaccount.com]
google_storage_bucket_iam_member.sfincs_runtime_qgs_viewer: Refreshing state... [id=b/grace-2-hazard-prod-qgs/roles/storage.objectViewer/serviceAccount:sfincs-runtime@grace-2-hazard-prod.iam.gserviceaccount.com]
google_cloud_run_v2_job.pyqgis_worker: Refreshing state... [id=projects/grace-2-hazard-prod/locations/us-central1/jobs/grace-2-pyqgis-worker]
google_cloud_run_v2_job.sfincs_solver: Refreshing state... [id=projects/grace-2-hazard-prod/locations/us-central1/jobs/grace-2-sfincs-solver]
google_cloud_run_v2_service_iam_member.qgis_server_public_invoker: Refreshing state... [id=projects/grace-2-hazard-prod/locations/us-central1/services/grace-2-qgis-server/roles/run.invoker/allUsers]
google_cloud_run_v2_job_iam_member.workflow_invoker_runs_job: Refreshing state... [id=projects/grace-2-hazard-prod/locations/us-central1/jobs/grace-2-sfincs-solver/roles/run.invoker/serviceAccount:workflow-invoker-sfincs@grace-2-hazard-prod.iam.gserviceaccount.com]
google_cloud_run_v2_job_iam_member.workflow_invoker_runs_job_developer: Refreshing state... [id=projects/grace-2-hazard-prod/locations/us-central1/jobs/grace-2-sfincs-solver/roles/run.developer/serviceAccount:workflow-invoker-sfincs@grace-2-hazard-prod.iam.gserviceaccount.com]
google_workflows_workflow.sfincs_orchestrator: Refreshing state... [id=projects/grace-2-hazard-prod/locations/us-central1/workflows/grace-2-sfincs-orchestrator]

OpenTofu used the selected providers to generate the following execution
plan. Resource actions are indicated with the following symbols:
  ~ update in-place (current -> planned)

OpenTofu planned the following actions, but then encountered a problem:

  # google_cloud_run_v2_service.qgis_server will be updated in-place
  ~ resource "google_cloud_run_v2_service" "qgis_server" {
        id                      = "projects/grace-2-hazard-prod/locations/us-central1/services/grace-2-qgis-server"
        name                    = "grace-2-qgis-server"
        # (28 unchanged attributes hidden)

      - scaling {
          - manual_instance_count = 0 -> null
          - min_instance_count    = 0 -> null
        }

        # (2 unchanged blocks hidden)
    }

Plan: 0 to add, 1 to change, 0 to destroy.

Warning: either Atlas Programmatic API Keys or AWS Secrets Manager attributes must be set

  with provider["registry.opentofu.org/mongodb/mongodbatlas"],
  on providers.tf line 19, in provider "mongodbatlas":
  19: provider "mongodbatlas" {

(and one more similar warning elsewhere)

Warning: error in configuring the provider.

  with provider["registry.opentofu.org/mongodb/mongodbatlas"],
  on providers.tf line 19, in provider "mongodbatlas":
  19: provider "mongodbatlas" {

either Atlas Programmatic API Keys or AWS Secrets Manager attributes must be
set

Error: error reading flex cluster (6a234700a0e1295958d10cf9): grace-2-dev

  with mongodbatlas_flex_cluster.dev,
  on atlas.tf line 37, in resource "mongodbatlas_flex_cluster" "dev":
  37: resource "mongodbatlas_flex_cluster" "dev" {

https://cloud.mongodb.com/api/atlas/v2/groups/6a234700a0e1295958d10cf9/flexClusters/grace-2-dev
GET: HTTP 401 Unauthorized (Error code: "") Detail: You are not authorized
for this resource. Reason: Unauthorized. Params: [], BadRequestDetail: 

Error: error getting project ip access list information

  with mongodbatlas_project_ip_access_list.dev_ip,
  on atlas.tf line 61, in resource "mongodbatlas_project_ip_access_list" "dev_ip":
  61: resource "mongodbatlas_project_ip_access_list" "dev_ip" {

https://cloud.mongodb.com/api/atlas/v2/groups/6a234700a0e1295958d10cf9/accessList/67.160.98.51%2F32
GET: HTTP 401 Unauthorized (Error code: "") Detail: You are not authorized
for this resource. Reason: Unauthorized. Params: [], BadRequestDetail: 

Error: error getting database user information

  with mongodbatlas_database_user.worker,
  on atlas.tf line 79, in resource "mongodbatlas_database_user" "worker":
  79: resource "mongodbatlas_database_user" "worker" {

https://cloud.mongodb.com/api/atlas/v2/groups/6a234700a0e1295958d10cf9/databaseUsers/admin/grace2-worker
GET: HTTP 401 Unauthorized (Error code: "") Detail: You are not authorized
for this resource. Reason: Unauthorized. Params: [], BadRequestDetail: 
